1682591061846	geckodriver	INFO	Listening on 127.0.0.1:60573
1682591064911	mozrunner::runner	INFO	Running command: "C:\\Program Files\\Mozilla Firefox\\firefox.exe" "--marionette" "-headless" "--remote-debugging-port" "6057 ... "--remote-allow-hosts" "localhost" "-no-remote" "-profile" "C:\\Users\\YJAVEE~1\\AppData\\Local\\Temp\\rust_mozprofilezH1hE2"
*** You are running in headless mode.
console.warn: services.settings: Ignoring preference override of remote settings server
console.warn: services.settings: Allow by setting MOZ_REMOTE_SETTINGS_DEVTOOLS=1 in the environment
1682591065153	Marionette	INFO	Marionette enabled
Dynamically enable window occlusion 0
1682591065159	Marionette	INFO	Listening on port 60596
WebDriver BiDi listening on ws://127.0.0.1:60574
Read port: 60596
1682591065351	RemoteAgent	WARN	TLS certificate errors will be ignored for this session
[GFX1-]: RenderCompositorSWGL failed mapping default framebuffer, no dt
console.warn: SearchSettings: "get: No settings file exists, new profile?" (new NotFoundError("Could not open the file at C:\\Users\\YJAVEE~1\\AppData\\Local\\Temp\\rust_mozprofilezH1hE2\\search.json.mozlz4", (void 0)))
[ERROR glean_core] Error setting metrics feature config: Json(Error("EOF while parsing a value", line: 1, column: 0))
console.error: ({})
DevTools listening on ws://127.0.0.1:60574/devtools/browser/7b0eb32f-43e9-4c88-89e7-7f396e2e7dcd
1682591128546	geckodriver	INFO	Listening on 127.0.0.1:60808
1682591131627	mozrunner::runner	INFO	Running command: "C:\\Program Files\\Mozilla Firefox\\firefox.exe" "--marionette" "--remote-debugging-port" "60809" "--remote-allow-hosts" "localhost" "-no-remote" "-profile" "C:\\Users\\YJAVEE~1\\AppData\\Local\\Temp\\rust_mozprofileSrjwDY"
console.warn: services.settings: Ignoring preference override of remote settings server
console.warn: services.settings: Allow by setting MOZ_REMOTE_SETTINGS_DEVTOOLS=1 in the environment
1682591131865	Marionette	INFO	Marionette enabled
Dynamically enable window occlusion 0
1682591131869	Marionette	INFO	Listening on port 60826
Read port: 60826
WebDriver BiDi listening on ws://127.0.0.1:60809
1682591132001	RemoteAgent	WARN	TLS certificate errors will be ignored for this session
console.warn: SearchSettings: "get: No settings file exists, new profile?" (new NotFoundError("Could not open the file at C:\\Users\\YJAVEE~1\\AppData\\Local\\Temp\\rust_mozprofileSrjwDY\\search.json.mozlz4", (void 0)))
[ERROR glean_core] Error setting metrics feature config: Json(Error("EOF while parsing a value", line: 1, column: 0))
DevTools listening on ws://127.0.0.1:60809/devtools/browser/29a99131-c1e7-4bdb-b002-1b6c04efe46c
1682591272297	geckodriver	INFO	Listening on 127.0.0.1:61273
1682591275393	mozrunner::runner	INFO	Running command: "C:\\Program Files\\Mozilla Firefox\\firefox.exe" "--marionette" "--remote-debugging-port" "61274" "--remote-allow-hosts" "localhost" "-no-remote" "-profile" "C:\\Users\\YJAVEE~1\\AppData\\Local\\Temp\\rust_mozprofilesdepe4"
console.warn: services.settings: Ignoring preference override of remote settings server
console.warn: services.settings: Allow by setting MOZ_REMOTE_SETTINGS_DEVTOOLS=1 in the environment
1682591275633	Marionette	INFO	Marionette enabled
Dynamically enable window occlusion 0
1682591275638	Marionette	INFO	Listening on port 61294
Read port: 61294
WebDriver BiDi listening on ws://127.0.0.1:61274
1682591275774	RemoteAgent	WARN	TLS certificate errors will be ignored for this session
console.warn: SearchSettings: "get: No settings file exists, new profile?" (new NotFoundError("Could not open the file at C:\\Users\\YJAVEE~1\\AppData\\Local\\Temp\\rust_mozprofilesdepe4\\search.json.mozlz4", (void 0)))
[ERROR glean_core] Error setting metrics feature config: Json(Error("EOF while parsing a value", line: 1, column: 0))
DevTools listening on ws://127.0.0.1:61274/devtools/browser/fe7810b0-522d-4785-9aff-6e8dfe3a1fbc
console.warn: LoginRecipes: "Falling back to a synchronous message for: https://3w.extensiv.com."
console.warn: LoginRecipes: "Falling back to a synchronous message for: https://3w.extensiv.com."
console.error: ({})
console.error: ({})
console.error: ({})
console.error: ({})
console.error: ({})
console.error: ({})
console.error: ({})
console.error: ({})
console.error: ({})
console.error: ({})
console.error: ({})
console.error: ({})
console.error: ({})
1682592723088	Marionette	INFO	Stopped listening on port 61294
Dynamically enable window occlusion 1
1682593239977	geckodriver	INFO	Listening on 127.0.0.1:51927
1682593243036	mozrunner::runner	INFO	Running command: "C:\\Program Files\\Mozilla Firefox\\firefox.exe" "--marionette" "--remote-debugging-port" "51928" "--remote-allow-hosts" "localhost" "-no-remote" "-profile" "C:\\Users\\YJAVEE~1\\AppData\\Local\\Temp\\rust_mozprofileuFi3Dw"
console.warn: services.settings: Ignoring preference override of remote settings server
console.warn: services.settings: Allow by setting MOZ_REMOTE_SETTINGS_DEVTOOLS=1 in the environment
1682593243275	Marionette	INFO	Marionette enabled
Dynamically enable window occlusion 0
1682593243279	Marionette	INFO	Listening on port 51943
Read port: 51943
WebDriver BiDi listening on ws://127.0.0.1:51928
1682593243418	RemoteAgent	WARN	TLS certificate errors will be ignored for this session
console.warn: SearchSettings: "get: No settings file exists, new profile?" (new NotFoundError("Could not open the file at C:\\Users\\YJAVEE~1\\AppData\\Local\\Temp\\rust_mozprofileuFi3Dw\\search.json.mozlz4", (void 0)))
[ERROR glean_core] Error setting metrics feature config: Json(Error("EOF while parsing a value", line: 1, column: 0))
DevTools listening on ws://127.0.0.1:51928/devtools/browser/eacf3b38-fa09-40ad-ab10-6f82bb675fec
console.warn: LoginRecipes: "Falling back to a synchronous message for: https://3w.extensiv.com."
console.warn: LoginRecipes: "Falling back to a synchronous message for: https://3w.extensiv.com."
console.error: ({})
console.error: ({})
console.error: ({})
console.error: ({})
console.error: ({})
console.error: ({})
console.error: ({})
console.error: ({})
console.error: ({})
console.error: ({})
console.error: ({})
console.error: ({})
console.error: ({})
1682594706609	Marionette	INFO	Stopped listening on port 51943
Dynamically enable window occlusion 1
