1678269325353	geckodriver	INFO	Listening on 127.0.0.1:57934
1678269328427	mozrunner::runner	INFO	Running command: "C:\\Program Files\\Mozilla Firefox\\firefox.exe" "--marionette" "--remote-debugging-port" "57935" "--remote-allow-hosts" "localhost" "-no-remote" "-profile" "C:\\Users\\YJAVEE~1\\AppData\\Local\\Temp\\rust_mozprofileTxZoKj"
console.warn: services.settings: Ignoring preference override of remote settings server
console.warn: services.settings: Allow by setting MOZ_REMOTE_SETTINGS_DEVTOOLS=1 in the environment
1678269328924	Marionette	INFO	Marionette enabled
Dynamically enable window occlusion 0
1678269328932	Marionette	INFO	Listening on port 57952
Read port: 57952
WebDriver BiDi listening on ws://127.0.0.1:57935
1678269329128	RemoteAgent	WARN	TLS certificate errors will be ignored for this session
console.warn: SearchSettings: "get: No settings file exists, new profile?" (new NotFoundError("Could not open the file at C:\\Users\\YJAVEE~1\\AppData\\Local\\Temp\\rust_mozprofileTxZoKj\\search.json.mozlz4", (void 0)))
DevTools listening on ws://127.0.0.1:57935/devtools/browser/2ea7133c-5419-4cdf-9547-26b2b8021d96
JavaScript warning: https://g.alicdn.com/secdev/sufei_data/3.9.10/index.js, line 1: WebGL context was lost.
JavaScript warning: https://g.alicdn.com/??xlly/spl/rp.js,secdev/nsv/1.0.87/ns_f_95_3_n.js?v=1, line 6: WebGL context was lost.
JavaScript warning: https://g.alicdn.com/AWSC/et/1.62.7/et_n.js, line 2: WEBGL_debug_renderer_info is deprecated in Firefox and will be removed. Please use RENDERER.
JavaScript warning: https://g.alicdn.com/AWSC/et/1.62.7/et_n.js, line 2: WebGL context was lost.
JavaScript warning: https://g.alicdn.com/AWSC/fireyejs/1.225.0/fireyejs.js, line 1: WEBGL_debug_renderer_info is deprecated in Firefox and will be removed. Please use RENDERER.
console.warn: LoginRecipes: "Falling back to a synchronous message for: https://sellercenter.lazada.sg."
1678269428201	geckodriver	INFO	Listening on 127.0.0.1:58224
1678269431249	mozrunner::runner	INFO	Running command: "C:\\Program Files\\Mozilla Firefox\\firefox.exe" "--marionette" "--remote-debugging-port" "58225" "--remote-allow-hosts" "localhost" "-no-remote" "-profile" "C:\\Users\\YJAVEE~1\\AppData\\Local\\Temp\\rust_mozprofileSUBFak"
console.warn: services.settings: Ignoring preference override of remote settings server
console.warn: services.settings: Allow by setting MOZ_REMOTE_SETTINGS_DEVTOOLS=1 in the environment
1678269431604	Marionette	INFO	Marionette enabled
Dynamically enable window occlusion 0
1678269431611	Marionette	INFO	Listening on port 58245
Read port: 58245
WebDriver BiDi listening on ws://127.0.0.1:58225
1678269431777	RemoteAgent	WARN	TLS certificate errors will be ignored for this session
console.warn: SearchSettings: "get: No settings file exists, new profile?" (new NotFoundError("Could not open the file at C:\\Users\\YJAVEE~1\\AppData\\Local\\Temp\\rust_mozprofileSUBFak\\search.json.mozlz4", (void 0)))
DevTools listening on ws://127.0.0.1:58225/devtools/browser/e9551212-4170-4ffb-9017-a5a09e18a5dc
JavaScript warning: https://g.alicdn.com/secdev/sufei_data/3.9.10/index.js, line 1: WebGL context was lost.
JavaScript warning: https://g.alicdn.com/??xlly/spl/rp.js,secdev/nsv/1.0.87/ns_f_95_3_f.js?v=1, line 2: WebGL context was lost.
JavaScript warning: https://g.alicdn.com/AWSC/et/1.62.7/et_f.js, line 2: WEBGL_debug_renderer_info is deprecated in Firefox and will be removed. Please use RENDERER.
JavaScript warning: https://g.alicdn.com/AWSC/et/1.62.7/et_f.js, line 2: WebGL context was lost.
JavaScript warning: https://g.alicdn.com/AWSC/fireyejs/1.225.0/fireyejs.js, line 1: WEBGL_debug_renderer_info is deprecated in Firefox and will be removed. Please use RENDERER.
1678269591391	geckodriver	INFO	Listening on 127.0.0.1:58670
1678269594441	mozrunner::runner	INFO	Running command: "C:\\Program Files\\Mozilla Firefox\\firefox.exe" "--marionette" "--remote-debugging-port" "58671" "--remote-allow-hosts" "localhost" "-no-remote" "-profile" "C:\\Users\\YJAVEE~1\\AppData\\Local\\Temp\\rust_mozprofileosNvnA"
console.warn: services.settings: Ignoring preference override of remote settings server
console.warn: services.settings: Allow by setting MOZ_REMOTE_SETTINGS_DEVTOOLS=1 in the environment
1678269594766	Marionette	INFO	Marionette enabled
Dynamically enable window occlusion 0
1678269594771	Marionette	INFO	Listening on port 58681
Read port: 58681
WebDriver BiDi listening on ws://127.0.0.1:58671
1678269594951	RemoteAgent	WARN	TLS certificate errors will be ignored for this session
console.warn: SearchSettings: "get: No settings file exists, new profile?" (new NotFoundError("Could not open the file at C:\\Users\\YJAVEE~1\\AppData\\Local\\Temp\\rust_mozprofileosNvnA\\search.json.mozlz4", (void 0)))
DevTools listening on ws://127.0.0.1:58671/devtools/browser/956d614c-5fd5-4069-bc90-da3467cdf17a
JavaScript warning: https://g.alicdn.com/secdev/sufei_data/3.9.10/index.js, line 1: WebGL context was lost.
JavaScript warning: https://g.alicdn.com/??xlly/spl/rp.js,secdev/nsv/1.0.87/ns_f_95_3_f.js?v=1, line 2: WebGL context was lost.
JavaScript warning: https://g.alicdn.com/AWSC/et/1.62.7/et_f.js, line 2: WEBGL_debug_renderer_info is deprecated in Firefox and will be removed. Please use RENDERER.
JavaScript warning: https://g.alicdn.com/AWSC/et/1.62.7/et_f.js, line 2: WebGL context was lost.
JavaScript warning: https://g.alicdn.com/AWSC/fireyejs/1.225.0/fireyejs.js, line 1: WEBGL_debug_renderer_info is deprecated in Firefox and will be removed. Please use RENDERER.
console.warn: LoginRecipes: "Falling back to a synchronous message for: https://sellercenter.lazada.sg."
JavaScript warning: https://laz-g-cdn.alicdn.com/secdev/sufei_data/3.9.10/index.js, line 1: WebGL context was lost.
JavaScript warning: https://laz-g-cdn.alicdn.com/??xlly/spl/rp.js,secdev/nsv/1.0.78/ns_e_88_3_f.js?v=1, line 4: WebGL context was lost.
JavaScript warning: https://laz-g-cdn.alicdn.com/AWSC/et/1.62.4/et_f.js, line 2: WEBGL_debug_renderer_info is deprecated in Firefox and will be removed. Please use RENDERER.
JavaScript warning: https://laz-g-cdn.alicdn.com/AWSC/et/1.62.4/et_f.js, line 1: WebGL context was lost.
JavaScript warning: https://g.alicdn.com/AWSC/fireyejs/1.225.0/fireyejs.js, line 1: WEBGL_debug_renderer_info is deprecated in Firefox and will be removed. Please use RENDERER.
console.warn: services.settings: Ignoring preference override of remote settings server
console.warn: services.settings: Allow by setting MOZ_REMOTE_SETTINGS_DEVTOOLS=1 in the environment
console.error: (new TypeError("lazy.AsyncShutdown.profileBeforeChange is undefined", "resource://services-settings/Database.jsm", 603))
1678269674260	Marionette	INFO	Stopped listening on port 58681
Dynamically enable window occlusion 1
1678271837656	geckodriver	INFO	Listening on 127.0.0.1:63527
1678271840712	mozrunner::runner	INFO	Running command: "C:\\Program Files\\Mozilla Firefox\\firefox.exe" "--marionette" "--remote-debugging-port" "63528" "--remote-allow-hosts" "localhost" "-no-remote" "-profile" "C:\\Users\\YJAVEE~1\\AppData\\Local\\Temp\\rust_mozprofiletmQ0M4"
console.warn: services.settings: Ignoring preference override of remote settings server
console.warn: services.settings: Allow by setting MOZ_REMOTE_SETTINGS_DEVTOOLS=1 in the environment
1678271845323	Marionette	INFO	Marionette enabled
Dynamically enable window occlusion 0
1678271845332	Marionette	INFO	Listening on port 63556
Read port: 63556
WebDriver BiDi listening on ws://127.0.0.1:63528
1678271845615	RemoteAgent	WARN	TLS certificate errors will be ignored for this session
console.warn: SearchSettings: "get: No settings file exists, new profile?" (new NotFoundError("Could not open the file at C:\\Users\\YJAVEE~1\\AppData\\Local\\Temp\\rust_mozprofiletmQ0M4\\search.json.mozlz4", (void 0)))
DevTools listening on ws://127.0.0.1:63528/devtools/browser/94caee18-ac14-446f-9ba1-6c600757685e
1678271880970	geckodriver	INFO	Listening on 127.0.0.1:63679
1678271884033	mozrunner::runner	INFO	Running command: "C:\\Program Files\\Mozilla Firefox\\firefox.exe" "--marionette" "--remote-debugging-port" "63680" "--remote-allow-hosts" "localhost" "-no-remote" "-profile" "C:\\Users\\YJAVEE~1\\AppData\\Local\\Temp\\rust_mozprofileqwiurH"
console.warn: services.settings: Ignoring preference override of remote settings server
console.warn: services.settings: Allow by setting MOZ_REMOTE_SETTINGS_DEVTOOLS=1 in the environment
1678271884422	Marionette	INFO	Marionette enabled
Dynamically enable window occlusion 0
1678271884433	Marionette	INFO	Listening on port 63699
Read port: 63699
WebDriver BiDi listening on ws://127.0.0.1:63680
1678271884667	RemoteAgent	WARN	TLS certificate errors will be ignored for this session
console.warn: SearchSettings: "get: No settings file exists, new profile?" (new NotFoundError("Could not open the file at C:\\Users\\YJAVEE~1\\AppData\\Local\\Temp\\rust_mozprofileqwiurH\\search.json.mozlz4", (void 0)))
DevTools listening on ws://127.0.0.1:63680/devtools/browser/eb704d63-1a7f-47fb-b4cd-628b6527464d
JavaScript warning: https://g.alicdn.com/secdev/sufei_data/3.9.10/index.js, line 1: WebGL context was lost.
JavaScript warning: https://g.alicdn.com/??xlly/spl/rp.js,secdev/nsv/1.0.87/ns_f_95_3_f.js?v=1, line 2: WebGL context was lost.
JavaScript warning: https://g.alicdn.com/AWSC/et/1.62.7/et_f.js, line 2: WEBGL_debug_renderer_info is deprecated in Firefox and will be removed. Please use RENDERER.
JavaScript warning: https://g.alicdn.com/AWSC/et/1.62.7/et_f.js, line 2: WebGL context was lost.
JavaScript warning: https://g.alicdn.com/AWSC/fireyejs/1.225.0/fireyejs.js, line 1: WEBGL_debug_renderer_info is deprecated in Firefox and will be removed. Please use RENDERER.
1678274151787	geckodriver	INFO	Listening on 127.0.0.1:53993
1678274154882	mozrunner::runner	INFO	Running command: "C:\\Program Files\\Mozilla Firefox\\firefox.exe" "--marionette" "--remote-debugging-port" "53994" "--remote-allow-hosts" "localhost" "-no-remote" "-profile" "C:\\Users\\YJAVEE~1\\AppData\\Local\\Temp\\rust_mozprofilelU5Fc1"
console.warn: services.settings: Ignoring preference override of remote settings server
console.warn: services.settings: Allow by setting MOZ_REMOTE_SETTINGS_DEVTOOLS=1 in the environment
1678274155520	Marionette	INFO	Marionette enabled
Dynamically enable window occlusion 0
1678274155531	Marionette	INFO	Listening on port 54013
Read port: 54013
WebDriver BiDi listening on ws://127.0.0.1:53994
1678274155877	RemoteAgent	WARN	TLS certificate errors will be ignored for this session
console.warn: SearchSettings: "get: No settings file exists, new profile?" (new NotFoundError("Could not open the file at C:\\Users\\YJAVEE~1\\AppData\\Local\\Temp\\rust_mozprofilelU5Fc1\\search.json.mozlz4", (void 0)))
DevTools listening on ws://127.0.0.1:53994/devtools/browser/0e555d9d-bf46-4b4f-a22e-1cbf193a1168
JavaScript warning: https://g.alicdn.com/secdev/sufei_data/3.9.10/index.js, line 1: WebGL context was lost.
JavaScript warning: https://g.alicdn.com/??xlly/spl/rp.js,secdev/nsv/1.0.87/ns_f_95_3_n.js?v=1, line 6: WebGL context was lost.
JavaScript warning: https://g.alicdn.com/AWSC/et/1.62.7/et_n.js, line 2: WEBGL_debug_renderer_info is deprecated in Firefox and will be removed. Please use RENDERER.
JavaScript warning: https://g.alicdn.com/AWSC/et/1.62.7/et_n.js, line 2: WebGL context was lost.
JavaScript warning: https://g.alicdn.com/AWSC/fireyejs/1.225.0/fireyejs.js, line 1: WEBGL_debug_renderer_info is deprecated in Firefox and will be removed. Please use RENDERER.
1678274467911	Marionette	INFO	Stopped listening on port 54013
Dynamically enable window occlusion 1
1678274507378	geckodriver	INFO	Listening on 127.0.0.1:54951
1678274510432	mozrunner::runner	INFO	Running command: "C:\\Program Files\\Mozilla Firefox\\firefox.exe" "--marionette" "--remote-debugging-port" "54952" "--remote-allow-hosts" "localhost" "-no-remote" "-profile" "C:\\Users\\YJAVEE~1\\AppData\\Local\\Temp\\rust_mozprofilenm1Sib"
console.warn: services.settings: Ignoring preference override of remote settings server
console.warn: services.settings: Allow by setting MOZ_REMOTE_SETTINGS_DEVTOOLS=1 in the environment
1678274510878	Marionette	INFO	Marionette enabled
Dynamically enable window occlusion 0
1678274510885	Marionette	INFO	Listening on port 54969
Read port: 54969
WebDriver BiDi listening on ws://127.0.0.1:54952
1678274511057	RemoteAgent	WARN	TLS certificate errors will be ignored for this session
console.warn: SearchSettings: "get: No settings file exists, new profile?" (new NotFoundError("Could not open the file at C:\\Users\\YJAVEE~1\\AppData\\Local\\Temp\\rust_mozprofilenm1Sib\\search.json.mozlz4", (void 0)))
DevTools listening on ws://127.0.0.1:54952/devtools/browser/c2f305d0-477c-4959-8dd2-7399c04dfe12
JavaScript warning: https://g.alicdn.com/secdev/sufei_data/3.9.10/index.js, line 1: WebGL context was lost.
JavaScript warning: https://g.alicdn.com/??xlly/spl/rp.js,secdev/nsv/1.0.87/ns_f_95_3_n.js?v=1, line 6: WebGL context was lost.
JavaScript warning: https://g.alicdn.com/AWSC/et/1.62.7/et_n.js, line 2: WEBGL_debug_renderer_info is deprecated in Firefox and will be removed. Please use RENDERER.
JavaScript warning: https://g.alicdn.com/AWSC/et/1.62.7/et_n.js, line 2: WebGL context was lost.
JavaScript warning: https://g.alicdn.com/AWSC/fireyejs/1.225.0/fireyejs.js, line 1: WEBGL_debug_renderer_info is deprecated in Firefox and will be removed. Please use RENDERER.
console.warn: LoginRecipes: "Falling back to a synchronous message for: https://sellercenter.lazada.sg."
JavaScript warning: https://laz-g-cdn.alicdn.com/secdev/sufei_data/3.9.10/index.js, line 1: WebGL context was lost.
JavaScript warning: https://laz-g-cdn.alicdn.com/??xlly/spl/rp.js,secdev/nsv/1.0.78/ns_e_88_3_n.js?v=1, line 5: WebGL context was lost.
JavaScript warning: https://laz-g-cdn.alicdn.com/AWSC/et/1.62.4/et_n.js, line 2: WEBGL_debug_renderer_info is deprecated in Firefox and will be removed. Please use RENDERER.
JavaScript warning: https://laz-g-cdn.alicdn.com/AWSC/et/1.62.4/et_n.js, line 2: WebGL context was lost.
JavaScript warning: https://g.alicdn.com/AWSC/fireyejs/1.225.0/fireyejs.js, line 1: WEBGL_debug_renderer_info is deprecated in Firefox and will be removed. Please use RENDERER.
console.warn: services.settings: Ignoring preference override of remote settings server
console.warn: services.settings: Allow by setting MOZ_REMOTE_SETTINGS_DEVTOOLS=1 in the environment
console.error: (new TypeError("lazy.AsyncShutdown.profileBeforeChange is undefined", "resource://services-settings/Database.jsm", 603))
JavaScript warning: https://g.alicdn.com/secdev/sufei_data/3.9.10/index.js, line 1: WebGL context was lost.
JavaScript warning: https://g.alicdn.com/??xlly/spl/rp.js,secdev/nsv/1.0.87/ns_f_95_3_n.js?v=1, line 6: WebGL context was lost.
JavaScript warning: https://g.alicdn.com/AWSC/et/1.62.7/et_n.js, line 2: WEBGL_debug_renderer_info is deprecated in Firefox and will be removed. Please use RENDERER.
JavaScript warning: https://g.alicdn.com/AWSC/et/1.62.7/et_n.js, line 2: WebGL context was lost.
JavaScript warning: https://g.alicdn.com/AWSC/fireyejs/1.225.0/fireyejs.js, line 1: WEBGL_debug_renderer_info is deprecated in Firefox and will be removed. Please use RENDERER.
1678274623663	Marionette	INFO	Stopped listening on port 54969
Dynamically enable window occlusion 1
1678274648641	geckodriver	INFO	Listening on 127.0.0.1:55484
1678274651682	mozrunner::runner	INFO	Running command: "C:\\Program Files\\Mozilla Firefox\\firefox.exe" "--marionette" "--remote-debugging-port" "55485" "--remote-allow-hosts" "localhost" "-no-remote" "-profile" "C:\\Users\\YJAVEE~1\\AppData\\Local\\Temp\\rust_mozprofileHY2xoj"
console.warn: services.settings: Ignoring preference override of remote settings server
console.warn: services.settings: Allow by setting MOZ_REMOTE_SETTINGS_DEVTOOLS=1 in the environment
1678274652072	Marionette	INFO	Marionette enabled
Dynamically enable window occlusion 0
1678274652076	Marionette	INFO	Listening on port 55505
Read port: 55505
WebDriver BiDi listening on ws://127.0.0.1:55485
1678274652270	RemoteAgent	WARN	TLS certificate errors will be ignored for this session
console.warn: SearchSettings: "get: No settings file exists, new profile?" (new NotFoundError("Could not open the file at C:\\Users\\YJAVEE~1\\AppData\\Local\\Temp\\rust_mozprofileHY2xoj\\search.json.mozlz4", (void 0)))
DevTools listening on ws://127.0.0.1:55485/devtools/browser/03ba100f-bf6b-47b5-8e7e-8a2c1e921b1b
JavaScript warning: https://g.alicdn.com/secdev/sufei_data/3.9.11/index.js, line 1: WebGL context was lost.
JavaScript warning: https://g.alicdn.com/??xlly/spl/rp.js,secdev/nsv/1.0.87/ns_f_95_3_n.js?v=1, line 6: WebGL context was lost.
JavaScript warning: https://g.alicdn.com/AWSC/et/1.62.7/et_n.js, line 2: WEBGL_debug_renderer_info is deprecated in Firefox and will be removed. Please use RENDERER.
JavaScript warning: https://g.alicdn.com/AWSC/et/1.62.7/et_n.js, line 2: WebGL context was lost.
JavaScript warning: https://g.alicdn.com/AWSC/fireyejs/1.225.0/fireyejs.js, line 1: WEBGL_debug_renderer_info is deprecated in Firefox and will be removed. Please use RENDERER.
console.warn: LoginRecipes: "Falling back to a synchronous message for: https://sellercenter.lazada.sg."
JavaScript warning: https://laz-g-cdn.alicdn.com/secdev/sufei_data/3.9.10/index.js, line 1: WebGL context was lost.
JavaScript warning: https://laz-g-cdn.alicdn.com/AWSC/et/1.62.4/et_n.js, line 2: WEBGL_debug_renderer_info is deprecated in Firefox and will be removed. Please use RENDERER.
JavaScript warning: https://laz-g-cdn.alicdn.com/AWSC/et/1.62.4/et_n.js, line 2: WebGL context was lost.
JavaScript warning: https://laz-g-cdn.alicdn.com/??xlly/spl/rp.js,secdev/nsv/1.0.78/ns_e_88_3_n.js?v=1, line 5: WebGL context was lost.
JavaScript warning: https://g.alicdn.com/AWSC/fireyejs/1.225.0/fireyejs.js, line 1: WEBGL_debug_renderer_info is deprecated in Firefox and will be removed. Please use RENDERER.
JavaScript warning: https://g.alicdn.com/AWSC/et/1.62.7/et_n.js, line 2: WEBGL_debug_renderer_info is deprecated in Firefox and will be removed. Please use RENDERER.
JavaScript warning: https://g.alicdn.com/AWSC/et/1.62.7/et_n.js, line 2: WebGL context was lost.
JavaScript warning: https://g.alicdn.com/??xlly/spl/rp.js,secdev/nsv/1.0.87/ns_f_95_3_n.js?v=1, line 6: WebGL context was lost.
JavaScript warning: https://g.alicdn.com/secdev/sufei_data/3.9.10/index.js, line 1: WebGL context was lost.
JavaScript warning: https://g.alicdn.com/AWSC/fireyejs/1.225.0/fireyejs.js, line 1: WEBGL_debug_renderer_info is deprecated in Firefox and will be removed. Please use RENDERER.
1678275198748	geckodriver	INFO	Listening on 127.0.0.1:56951
1678275201804	mozrunner::runner	INFO	Running command: "C:\\Program Files\\Mozilla Firefox\\firefox.exe" "--marionette" "--remote-debugging-port" "56952" "--remote-allow-hosts" "localhost" "-no-remote" "-profile" "C:\\Users\\YJAVEE~1\\AppData\\Local\\Temp\\rust_mozprofilelIUqdH"
console.warn: services.settings: Ignoring preference override of remote settings server
console.warn: services.settings: Allow by setting MOZ_REMOTE_SETTINGS_DEVTOOLS=1 in the environment
1678275202179	Marionette	INFO	Marionette enabled
Dynamically enable window occlusion 0
1678275202185	Marionette	INFO	Listening on port 56969
Read port: 56969
WebDriver BiDi listening on ws://127.0.0.1:56952
1678275202370	RemoteAgent	WARN	TLS certificate errors will be ignored for this session
console.warn: SearchSettings: "get: No settings file exists, new profile?" (new NotFoundError("Could not open the file at C:\\Users\\YJAVEE~1\\AppData\\Local\\Temp\\rust_mozprofilelIUqdH\\search.json.mozlz4", (void 0)))
DevTools listening on ws://127.0.0.1:56952/devtools/browser/4623a051-f5c2-41d7-bdb4-385f27fb4ac0
JavaScript warning: https://g.alicdn.com/secdev/sufei_data/3.9.10/index.js, line 1: WebGL context was lost.
JavaScript warning: https://g.alicdn.com/??xlly/spl/rp.js,secdev/nsv/1.0.87/ns_f_95_3_f.js?v=1, line 2: WebGL context was lost.
JavaScript warning: https://g.alicdn.com/AWSC/et/1.62.7/et_f.js, line 2: WEBGL_debug_renderer_info is deprecated in Firefox and will be removed. Please use RENDERER.
JavaScript warning: https://g.alicdn.com/AWSC/et/1.62.7/et_f.js, line 2: WebGL context was lost.
JavaScript warning: https://g.alicdn.com/AWSC/fireyejs/1.225.0/fireyejs.js, line 1: WEBGL_debug_renderer_info is deprecated in Firefox and will be removed. Please use RENDERER.
console.warn: LoginRecipes: "Falling back to a synchronous message for: https://sellercenter.lazada.sg."
JavaScript warning: https://laz-g-cdn.alicdn.com/secdev/sufei_data/3.9.10/index.js, line 1: WebGL context was lost.
JavaScript warning: https://laz-g-cdn.alicdn.com/AWSC/et/1.62.4/et_f.js, line 2: WEBGL_debug_renderer_info is deprecated in Firefox and will be removed. Please use RENDERER.
JavaScript warning: https://laz-g-cdn.alicdn.com/AWSC/et/1.62.4/et_f.js, line 1: WebGL context was lost.
JavaScript warning: https://laz-g-cdn.alicdn.com/??xlly/spl/rp.js,secdev/nsv/1.0.78/ns_e_88_3_f.js?v=1, line 4: WebGL context was lost.
JavaScript warning: https://g.alicdn.com/AWSC/fireyejs/1.225.0/fireyejs.js, line 1: WEBGL_debug_renderer_info is deprecated in Firefox and will be removed. Please use RENDERER.
JavaScript warning: https://g.alicdn.com/secdev/sufei_data/3.9.10/index.js, line 1: WebGL context was lost.
JavaScript warning: https://g.alicdn.com/AWSC/et/1.62.7/et_f.js, line 2: WEBGL_debug_renderer_info is deprecated in Firefox and will be removed. Please use RENDERER.
JavaScript warning: https://g.alicdn.com/AWSC/et/1.62.7/et_f.js, line 2: WebGL context was lost.
JavaScript warning: https://g.alicdn.com/??xlly/spl/rp.js,secdev/nsv/1.0.87/ns_f_95_3_f.js?v=1, line 2: WebGL context was lost.
JavaScript warning: https://g.alicdn.com/AWSC/fireyejs/1.225.0/fireyejs.js, line 1: WEBGL_debug_renderer_info is deprecated in Firefox and will be removed. Please use RENDERER.
JavaScript error: , line 0: NS_ERROR_NOT_AVAILABLE
1678276080526	Marionette	INFO	Stopped listening on port 56969
Dynamically enable window occlusion 1
[Parent 24268, IPC I/O Parent] WARNING: DuplicateHandle failed for handle 0 in TransferHandles: file /builds/worker/checkouts/gecko/ipc/chromium/src/chrome/common/ipc_channel_win.cc:777
1678276322202	geckodriver	INFO	Listening on 127.0.0.1:60004
1678276325269	mozrunner::runner	INFO	Running command: "C:\\Program Files\\Mozilla Firefox\\firefox.exe" "--marionette" "--remote-debugging-port" "60005" "--remote-allow-hosts" "localhost" "-no-remote" "-profile" "C:\\Users\\YJAVEE~1\\AppData\\Local\\Temp\\rust_mozprofileU5eX02"
console.warn: services.settings: Ignoring preference override of remote settings server
console.warn: services.settings: Allow by setting MOZ_REMOTE_SETTINGS_DEVTOOLS=1 in the environment
1678276325666	Marionette	INFO	Marionette enabled
Dynamically enable window occlusion 0
1678276325673	Marionette	INFO	Listening on port 60021
Read port: 60021
WebDriver BiDi listening on ws://127.0.0.1:60005
1678276325887	RemoteAgent	WARN	TLS certificate errors will be ignored for this session
console.warn: SearchSettings: "get: No settings file exists, new profile?" (new NotFoundError("Could not open the file at C:\\Users\\YJAVEE~1\\AppData\\Local\\Temp\\rust_mozprofileU5eX02\\search.json.mozlz4", (void 0)))
DevTools listening on ws://127.0.0.1:60005/devtools/browser/fab234af-dcec-4c66-bb49-1200ba289e82
JavaScript warning: https://g.alicdn.com/secdev/sufei_data/3.9.10/index.js, line 1: WebGL context was lost.
JavaScript warning: https://g.alicdn.com/??xlly/spl/rp.js,secdev/nsv/1.0.87/ns_f_95_3_n.js?v=1, line 6: WebGL context was lost.
JavaScript warning: https://g.alicdn.com/AWSC/et/1.62.7/et_n.js, line 2: WEBGL_debug_renderer_info is deprecated in Firefox and will be removed. Please use RENDERER.
JavaScript warning: https://g.alicdn.com/AWSC/et/1.62.7/et_n.js, line 2: WebGL context was lost.
JavaScript warning: https://g.alicdn.com/AWSC/fireyejs/1.225.0/fireyejs.js, line 1: WEBGL_debug_renderer_info is deprecated in Firefox and will be removed. Please use RENDERER.
console.warn: LoginRecipes: "Falling back to a synchronous message for: https://sellercenter.lazada.sg."
JavaScript warning: https://laz-g-cdn.alicdn.com/secdev/sufei_data/3.9.10/index.js, line 1: WebGL context was lost.
JavaScript warning: https://laz-g-cdn.alicdn.com/??xlly/spl/rp.js,secdev/nsv/1.0.78/ns_e_88_3_n.js?v=1, line 5: WebGL context was lost.
JavaScript warning: https://laz-g-cdn.alicdn.com/AWSC/et/1.62.4/et_n.js, line 2: WEBGL_debug_renderer_info is deprecated in Firefox and will be removed. Please use RENDERER.
JavaScript warning: https://laz-g-cdn.alicdn.com/AWSC/et/1.62.4/et_n.js, line 2: WebGL context was lost.
JavaScript warning: https://g.alicdn.com/AWSC/fireyejs/1.225.0/fireyejs.js, line 1: WEBGL_debug_renderer_info is deprecated in Firefox and will be removed. Please use RENDERER.
1678276359868	Marionette	INFO	Stopped listening on port 60021
Dynamically enable window occlusion 1
1678277021997	geckodriver	INFO	Listening on 127.0.0.1:61969
1678277025055	mozrunner::runner	INFO	Running command: "C:\\Program Files\\Mozilla Firefox\\firefox.exe" "--marionette" "--remote-debugging-port" "61970" "--remote-allow-hosts" "localhost" "-no-remote" "-profile" "C:\\Users\\YJAVEE~1\\AppData\\Local\\Temp\\rust_mozprofileALMWID"
console.warn: services.settings: Ignoring preference override of remote settings server
console.warn: services.settings: Allow by setting MOZ_REMOTE_SETTINGS_DEVTOOLS=1 in the environment
1678277025412	Marionette	INFO	Marionette enabled
Dynamically enable window occlusion 0
1678277025419	Marionette	INFO	Listening on port 61986
Read port: 61986
WebDriver BiDi listening on ws://127.0.0.1:61970
1678277025607	RemoteAgent	WARN	TLS certificate errors will be ignored for this session
console.warn: SearchSettings: "get: No settings file exists, new profile?" (new NotFoundError("Could not open the file at C:\\Users\\YJAVEE~1\\AppData\\Local\\Temp\\rust_mozprofileALMWID\\search.json.mozlz4", (void 0)))
DevTools listening on ws://127.0.0.1:61970/devtools/browser/b535e1f5-12ca-4647-9aa0-de07587d4a89
JavaScript warning: https://g.alicdn.com/secdev/sufei_data/3.9.10/index.js, line 1: WebGL context was lost.
JavaScript warning: https://g.alicdn.com/??xlly/spl/rp.js,secdev/nsv/1.0.87/ns_f_95_3_f.js?v=1, line 2: WebGL context was lost.
JavaScript warning: https://g.alicdn.com/AWSC/et/1.62.7/et_f.js, line 2: WEBGL_debug_renderer_info is deprecated in Firefox and will be removed. Please use RENDERER.
JavaScript warning: https://g.alicdn.com/AWSC/et/1.62.7/et_f.js, line 2: WebGL context was lost.
JavaScript warning: https://g.alicdn.com/AWSC/fireyejs/1.225.0/fireyejs.js, line 1: WEBGL_debug_renderer_info is deprecated in Firefox and will be removed. Please use RENDERER.
console.warn: LoginRecipes: "Falling back to a synchronous message for: https://sellercenter.lazada.sg."
JavaScript warning: https://laz-g-cdn.alicdn.com/secdev/sufei_data/3.9.10/index.js, line 1: WebGL context was lost.
JavaScript warning: https://laz-g-cdn.alicdn.com/??xlly/spl/rp.js,secdev/nsv/1.0.78/ns_e_88_3_f.js?v=1, line 4: WebGL context was lost.
JavaScript warning: https://laz-g-cdn.alicdn.com/AWSC/et/1.62.4/et_f.js, line 2: WEBGL_debug_renderer_info is deprecated in Firefox and will be removed. Please use RENDERER.
JavaScript warning: https://laz-g-cdn.alicdn.com/AWSC/et/1.62.4/et_f.js, line 1: WebGL context was lost.
JavaScript warning: https://g.alicdn.com/AWSC/fireyejs/1.225.0/fireyejs.js, line 1: WEBGL_debug_renderer_info is deprecated in Firefox and will be removed. Please use RENDERER.
console.warn: LoginRecipes: "Falling back to a synchronous message for: https://sellercenter.lazada.sg."
JavaScript warning: https://laz-g-cdn.alicdn.com/secdev/sufei_data/3.9.10/index.js, line 1: WebGL context was lost.
JavaScript warning: https://laz-g-cdn.alicdn.com/??xlly/spl/rp.js,secdev/nsv/1.0.78/ns_e_88_3_f.js?v=1, line 4: WebGL context was lost.
JavaScript warning: https://laz-g-cdn.alicdn.com/AWSC/et/1.62.4/et_f.js, line 2: WEBGL_debug_renderer_info is deprecated in Firefox and will be removed. Please use RENDERER.
JavaScript warning: https://laz-g-cdn.alicdn.com/AWSC/et/1.62.4/et_f.js, line 1: WebGL context was lost.
JavaScript warning: https://g.alicdn.com/AWSC/fireyejs/1.225.0/fireyejs.js, line 1: WEBGL_debug_renderer_info is deprecated in Firefox and will be removed. Please use RENDERER.
1678342655705	geckodriver	INFO	Listening on 127.0.0.1:52564
1678342658755	mozrunner::runner	INFO	Running command: "C:\\Program Files\\Mozilla Firefox\\firefox.exe" "--marionette" "--remote-debugging-port" "52565" "--remote-allow-hosts" "localhost" "-no-remote" "-profile" "C:\\Users\\YJAVEE~1\\AppData\\Local\\Temp\\rust_mozprofilezVB2Cq"
console.warn: services.settings: Ignoring preference override of remote settings server
console.warn: services.settings: Allow by setting MOZ_REMOTE_SETTINGS_DEVTOOLS=1 in the environment
1678342661015	Marionette	INFO	Marionette enabled
Dynamically enable window occlusion 0
1678342661021	Marionette	INFO	Listening on port 52596
Read port: 52596
WebDriver BiDi listening on ws://127.0.0.1:52565
1678342661200	RemoteAgent	WARN	TLS certificate errors will be ignored for this session
console.warn: SearchSettings: "get: No settings file exists, new profile?" (new NotFoundError("Could not open the file at C:\\Users\\YJAVEE~1\\AppData\\Local\\Temp\\rust_mozprofilezVB2Cq\\search.json.mozlz4", (void 0)))
DevTools listening on ws://127.0.0.1:52565/devtools/browser/5572fd28-a94a-44b3-8a25-6fdbba99ab55
JavaScript warning: https://g.alicdn.com/secdev/sufei_data/3.9.10/index.js, line 1: WebGL context was lost.
JavaScript warning: https://g.alicdn.com/??xlly/spl/rp.js,secdev/nsv/1.0.87/ns_f_95_3_n.js?v=1, line 6: WebGL context was lost.
JavaScript warning: https://g.alicdn.com/AWSC/et/1.62.7/et_n.js, line 2: WEBGL_debug_renderer_info is deprecated in Firefox and will be removed. Please use RENDERER.
JavaScript warning: https://g.alicdn.com/AWSC/et/1.62.7/et_n.js, line 2: WebGL context was lost.
JavaScript warning: https://g.alicdn.com/AWSC/fireyejs/1.225.0/fireyejs.js, line 1: WEBGL_debug_renderer_info is deprecated in Firefox and will be removed. Please use RENDERER.
console.warn: LoginRecipes: "Falling back to a synchronous message for: https://sellercenter.lazada.sg."
JavaScript warning: https://laz-g-cdn.alicdn.com/secdev/sufei_data/3.9.10/index.js, line 1: WebGL context was lost.
JavaScript warning: https://laz-g-cdn.alicdn.com/??xlly/spl/rp.js,secdev/nsv/1.0.78/ns_e_88_3_n.js?v=1, line 5: WebGL context was lost.
JavaScript warning: https://laz-g-cdn.alicdn.com/AWSC/et/1.62.4/et_n.js, line 2: WEBGL_debug_renderer_info is deprecated in Firefox and will be removed. Please use RENDERER.
JavaScript warning: https://laz-g-cdn.alicdn.com/AWSC/et/1.62.4/et_n.js, line 2: WebGL context was lost.
JavaScript warning: https://g.alicdn.com/AWSC/fireyejs/1.225.0/fireyejs.js, line 1: WEBGL_debug_renderer_info is deprecated in Firefox and will be removed. Please use RENDERER.
JavaScript warning: https://g.alicdn.com/secdev/sufei_data/3.9.10/index.js, line 1: WebGL context was lost.
JavaScript warning: https://g.alicdn.com/AWSC/et/1.62.7/et_n.js, line 2: WEBGL_debug_renderer_info is deprecated in Firefox and will be removed. Please use RENDERER.
JavaScript warning: https://g.alicdn.com/AWSC/et/1.62.7/et_n.js, line 2: WebGL context was lost.
JavaScript warning: https://g.alicdn.com/??xlly/spl/rp.js,secdev/nsv/1.0.87/ns_f_95_3_n.js?v=1, line 6: WebGL context was lost.
JavaScript warning: https://g.alicdn.com/AWSC/fireyejs/1.225.0/fireyejs.js, line 1: WEBGL_debug_renderer_info is deprecated in Firefox and will be removed. Please use RENDERER.
1678342771122	Marionette	INFO	Stopped listening on port 52596
Dynamically enable window occlusion 1
1678368160078	geckodriver	INFO	Listening on 127.0.0.1:60607
1678368163156	mozrunner::runner	INFO	Running command: "C:\\Program Files\\Mozilla Firefox\\firefox.exe" "--marionette" "--remote-debugging-port" "60608" "--remote-allow-hosts" "localhost" "-no-remote" "-profile" "C:\\Users\\YJAVEE~1\\AppData\\Local\\Temp\\rust_mozprofilercNXoZ"
console.warn: services.settings: Ignoring preference override of remote settings server
console.warn: services.settings: Allow by setting MOZ_REMOTE_SETTINGS_DEVTOOLS=1 in the environment
1678368165329	Marionette	INFO	Marionette enabled
Dynamically enable window occlusion 0
1678368165334	Marionette	INFO	Listening on port 60950
Read port: 60950
WebDriver BiDi listening on ws://127.0.0.1:60608
1678368165474	RemoteAgent	WARN	TLS certificate errors will be ignored for this session
console.warn: SearchSettings: "get: No settings file exists, new profile?" (new NotFoundError("Could not open the file at C:\\Users\\YJAVEE~1\\AppData\\Local\\Temp\\rust_mozprofilercNXoZ\\search.json.mozlz4", (void 0)))
DevTools listening on ws://127.0.0.1:60608/devtools/browser/7b908f18-11c1-47f0-9fc2-19be516282af
JavaScript warning: https://g.alicdn.com/secdev/sufei_data/3.9.10/index.js, line 1: WebGL context was lost.
JavaScript warning: https://g.alicdn.com/AWSC/et/1.62.7/et_n.js, line 2: WEBGL_debug_renderer_info is deprecated in Firefox and will be removed. Please use RENDERER.
JavaScript warning: https://g.alicdn.com/AWSC/et/1.62.7/et_n.js, line 2: WebGL context was lost.
JavaScript warning: https://g.alicdn.com/??xlly/spl/rp.js,secdev/nsv/1.0.87/ns_f_95_3_n.js?v=1, line 6: WebGL context was lost.
JavaScript warning: https://g.alicdn.com/AWSC/fireyejs/1.225.0/fireyejs.js, line 1: WEBGL_debug_renderer_info is deprecated in Firefox and will be removed. Please use RENDERER.
console.warn: LoginRecipes: "Falling back to a synchronous message for: https://sellercenter.lazada.sg."
JavaScript warning: https://laz-g-cdn.alicdn.com/secdev/sufei_data/3.9.10/index.js, line 1: WebGL context was lost.
JavaScript warning: https://laz-g-cdn.alicdn.com/??xlly/spl/rp.js,secdev/nsv/1.0.78/ns_e_88_3_n.js?v=1, line 5: WebGL context was lost.
JavaScript warning: https://laz-g-cdn.alicdn.com/AWSC/et/1.62.4/et_n.js, line 2: WEBGL_debug_renderer_info is deprecated in Firefox and will be removed. Please use RENDERER.
JavaScript warning: https://laz-g-cdn.alicdn.com/AWSC/et/1.62.4/et_n.js, line 2: WebGL context was lost.
JavaScript warning: https://g.alicdn.com/AWSC/fireyejs/1.225.0/fireyejs.js, line 1: WEBGL_debug_renderer_info is deprecated in Firefox and will be removed. Please use RENDERER.
1678685603927	geckodriver	INFO	Listening on 127.0.0.1:51043
1678685607153	mozrunner::runner	INFO	Running command: "C:\\Program Files\\Mozilla Firefox\\firefox.exe" "--marionette" "--remote-debugging-port" "51044" "--remote-allow-hosts" "localhost" "-no-remote" "-profile" "C:\\Users\\YJAVEE~1\\AppData\\Local\\Temp\\rust_mozprofiley1xSb4"
console.warn: services.settings: Ignoring preference override of remote settings server
console.warn: services.settings: Allow by setting MOZ_REMOTE_SETTINGS_DEVTOOLS=1 in the environment
1678685611335	Marionette	INFO	Marionette enabled
Dynamically enable window occlusion 0
1678685611345	Marionette	INFO	Listening on port 51071
Read port: 51071
WebDriver BiDi listening on ws://127.0.0.1:51044
1678685611660	RemoteAgent	WARN	TLS certificate errors will be ignored for this session
console.warn: SearchSettings: "get: No settings file exists, new profile?" (new NotFoundError("Could not open the file at C:\\Users\\YJAVEE~1\\AppData\\Local\\Temp\\rust_mozprofiley1xSb4\\search.json.mozlz4", (void 0)))
DevTools listening on ws://127.0.0.1:51044/devtools/browser/2a150c97-bfb9-4bb3-9e26-750f02370ebc
JavaScript warning: https://g.alicdn.com/secdev/sufei_data/3.9.10/index.js, line 1: WebGL context was lost.
JavaScript warning: https://g.alicdn.com/??xlly/spl/rp.js,secdev/nsv/1.0.87/ns_f_95_3_n.js?v=1, line 6: WebGL context was lost.
JavaScript warning: https://g.alicdn.com/AWSC/et/1.62.7/et_n.js, line 2: WEBGL_debug_renderer_info is deprecated in Firefox and will be removed. Please use RENDERER.
JavaScript warning: https://g.alicdn.com/AWSC/et/1.62.7/et_n.js, line 2: WebGL context was lost.
JavaScript warning: https://g.alicdn.com/AWSC/fireyejs/1.225.0/fireyejs.js, line 1: WEBGL_debug_renderer_info is deprecated in Firefox and will be removed. Please use RENDERER.
console.warn: LoginRecipes: "Falling back to a synchronous message for: https://sellercenter.lazada.sg."
JavaScript warning: https://laz-g-cdn.alicdn.com/secdev/sufei_data/3.9.10/index.js, line 1: WebGL context was lost.
JavaScript warning: https://laz-g-cdn.alicdn.com/??xlly/spl/rp.js,secdev/nsv/1.0.78/ns_e_88_3_n.js?v=1, line 5: WebGL context was lost.
JavaScript warning: https://laz-g-cdn.alicdn.com/AWSC/et/1.62.4/et_n.js, line 2: WEBGL_debug_renderer_info is deprecated in Firefox and will be removed. Please use RENDERER.
JavaScript warning: https://laz-g-cdn.alicdn.com/AWSC/et/1.62.4/et_n.js, line 2: WebGL context was lost.
JavaScript warning: https://g.alicdn.com/AWSC/fireyejs/1.225.0/fireyejs.js, line 1: WEBGL_debug_renderer_info is deprecated in Firefox and will be removed. Please use RENDERER.
console.warn: services.settings: Ignoring preference override of remote settings server
console.warn: services.settings: Allow by setting MOZ_REMOTE_SETTINGS_DEVTOOLS=1 in the environment
console.error: (new TypeError("lazy.AsyncShutdown.profileBeforeChange is undefined", "resource://services-settings/Database.jsm", 603))
console.warn: LoginRecipes: "Falling back to a synchronous message for: https://sellercenter.lazada.sg."
JavaScript warning: https://laz-g-cdn.alicdn.com/secdev/sufei_data/3.9.10/index.js, line 1: WebGL context was lost.
JavaScript warning: https://laz-g-cdn.alicdn.com/AWSC/et/1.62.4/et_n.js, line 2: WEBGL_debug_renderer_info is deprecated in Firefox and will be removed. Please use RENDERER.
JavaScript warning: https://laz-g-cdn.alicdn.com/AWSC/et/1.62.4/et_n.js, line 2: WebGL context was lost.
JavaScript warning: https://laz-g-cdn.alicdn.com/??xlly/spl/rp.js,secdev/nsv/1.0.78/ns_e_88_3_n.js?v=1, line 5: WebGL context was lost.
JavaScript warning: https://g.alicdn.com/AWSC/fireyejs/1.225.0/fireyejs.js, line 1: WEBGL_debug_renderer_info is deprecated in Firefox and will be removed. Please use RENDERER.
JavaScript warning: https://g.alicdn.com/secdev/sufei_data/3.9.10/index.js, line 1: WebGL context was lost.
JavaScript warning: https://g.alicdn.com/AWSC/et/1.62.7/et_n.js, line 2: WEBGL_debug_renderer_info is deprecated in Firefox and will be removed. Please use RENDERER.
JavaScript warning: https://g.alicdn.com/AWSC/et/1.62.7/et_n.js, line 2: WebGL context was lost.
JavaScript warning: https://g.alicdn.com/??xlly/spl/rp.js,secdev/nsv/1.0.87/ns_f_95_3_n.js?v=1, line 6: WebGL context was lost.
JavaScript warning: https://g.alicdn.com/AWSC/fireyejs/1.225.0/fireyejs.js, line 1: WEBGL_debug_renderer_info is deprecated in Firefox and will be removed. Please use RENDERER.
JavaScript error: , line 0: NS_ERROR_NOT_AVAILABLE
1678686980101	Marionette	INFO	Stopped listening on port 51071
Dynamically enable window occlusion 1
1678793633895	geckodriver	INFO	Listening on 127.0.0.1:63512
1678793671728	geckodriver	INFO	Listening on 127.0.0.1:63628
1678793674833	mozrunner::runner	INFO	Running command: "C:\\Program Files\\Mozilla Firefox\\firefox.exe" "--marionette" "--remote-debugging-port" "63629" "--remote-allow-hosts" "localhost" "-no-remote" "-profile" "C:\\Users\\YJAVEE~1\\AppData\\Local\\Temp\\rust_mozprofileHAv8NS"
console.warn: services.settings: Ignoring preference override of remote settings server
console.warn: services.settings: Allow by setting MOZ_REMOTE_SETTINGS_DEVTOOLS=1 in the environment
1678793677215	Marionette	INFO	Marionette enabled
Dynamically enable window occlusion 0
1678793677220	Marionette	INFO	Listening on port 63662
Read port: 63662
WebDriver BiDi listening on ws://127.0.0.1:63629
1678793677384	RemoteAgent	WARN	TLS certificate errors will be ignored for this session
console.warn: SearchSettings: "get: No settings file exists, new profile?" (new NotFoundError("Could not open the file at C:\\Users\\YJAVEE~1\\AppData\\Local\\Temp\\rust_mozprofileHAv8NS\\search.json.mozlz4", (void 0)))
DevTools listening on ws://127.0.0.1:63629/devtools/browser/8a847d29-9d87-4a2b-b738-a985f8b33168
JavaScript warning: https://g.alicdn.com/secdev/sufei_data/3.9.10/index.js, line 1: WebGL context was lost.
JavaScript warning: https://g.alicdn.com/??xlly/spl/rp.js,secdev/nsv/1.0.87/ns_f_95_3_n.js?v=1, line 6: WebGL context was lost.
JavaScript warning: https://g.alicdn.com/AWSC/et/1.62.7/et_n.js, line 2: WEBGL_debug_renderer_info is deprecated in Firefox and will be removed. Please use RENDERER.
JavaScript warning: https://g.alicdn.com/AWSC/et/1.62.7/et_n.js, line 2: WebGL context was lost.
JavaScript warning: https://g.alicdn.com/AWSC/fireyejs/1.225.0/fireyejs.js, line 1: WEBGL_debug_renderer_info is deprecated in Firefox and will be removed. Please use RENDERER.
console.warn: LoginRecipes: "Falling back to a synchronous message for: https://sellercenter.lazada.sg."
JavaScript warning: https://laz-g-cdn.alicdn.com/secdev/sufei_data/3.9.10/index.js, line 1: WebGL context was lost.
JavaScript warning: https://laz-g-cdn.alicdn.com/??xlly/spl/rp.js,secdev/nsv/1.0.78/ns_e_88_3_n.js?v=1, line 5: WebGL context was lost.
JavaScript warning: https://laz-g-cdn.alicdn.com/AWSC/et/1.62.4/et_n.js, line 2: WEBGL_debug_renderer_info is deprecated in Firefox and will be removed. Please use RENDERER.
JavaScript warning: https://laz-g-cdn.alicdn.com/AWSC/et/1.62.4/et_n.js, line 2: WebGL context was lost.
JavaScript warning: https://g.alicdn.com/AWSC/fireyejs/1.225.0/fireyejs.js, line 1: WEBGL_debug_renderer_info is deprecated in Firefox and will be removed. Please use RENDERER.
console.warn: services.settings: Ignoring preference override of remote settings server
console.warn: services.settings: Allow by setting MOZ_REMOTE_SETTINGS_DEVTOOLS=1 in the environment
console.error: (new TypeError("lazy.AsyncShutdown.profileBeforeChange is undefined", "resource://services-settings/Database.jsm", 603))
ObjectActor.prototype._populateGripPreview previewer function threw an exception: Error: Not a callable object.
Stack: callPropertyOnObject@resource://devtools/shared/DevToolsUtils.js:915:11
previewers.RegExp<@resource://devtools/server/actors/object/previewers.js:171:33
_populateGripPreview@resource://devtools/server/actors/object.js:261:42
form@resource://devtools/server/actors/object.js:195:10
createObjectGrip@resource://devtools/server/actors/object/utils.js:540:16
createValueGrip@resource://devtools/server/actors/object/utils.js:170:14
createValueGripForTarget@resource://devtools/server/actors/object/utils.js:474:10
prepareConsoleMessageForRemote/result.arguments<@resource://devtools/server/actors/resources/console-messages.js:212:18
prepareConsoleMessageForRemote@resource://devtools/server/actors/resources/console-messages.js:210:27
watch@resource://devtools/server/actors/resources/console-messages.js:99:18
watchResources@resource://devtools/server/actors/resources/index.js:308:19
addSessionDataEntry@resource://devtools/server/actors/targets/session-data-processors/resources.js:11:21
addSessionDataEntry@resource://devtools/server/actors/targets/target-actor-mixin.js:46:25
_addSessionDataEntry@resource://devtools/server/connectors/js-window-actor/DevToolsFrameChild.sys.mjs:530:24
receiveMessage@resource://devtools/server/connectors/js-window-actor/DevToolsFrameChild.sys.mjs:439:21
Line: 915, column: 11
console.error: (new Error("Not a callable object.", "resource://devtools/shared/DevToolsUtils.js", 915))
JavaScript warning: https://g.alicdn.com/secdev/sufei_data/3.9.10/index.js, line 1: WebGL context was lost.
JavaScript warning: https://g.alicdn.com/AWSC/et/1.62.7/et_n.js, line 2: WEBGL_debug_renderer_info is deprecated in Firefox and will be removed. Please use RENDERER.
JavaScript warning: https://g.alicdn.com/AWSC/et/1.62.7/et_n.js, line 2: WebGL context was lost.
JavaScript warning: https://g.alicdn.com/??xlly/spl/rp.js,secdev/nsv/1.0.87/ns_f_95_3_n.js?v=1, line 6: WebGL context was lost.
JavaScript warning: https://g.alicdn.com/AWSC/fireyejs/1.225.0/fireyejs.js, line 1: WEBGL_debug_renderer_info is deprecated in Firefox and will be removed. Please use RENDERER.
console.warn: "Listener for event 'frame' did not return a promise."
SourceActor threw an exception: Error: Failed to fetch https://447eb7.tdum.alibaba.com/dss.js. Code 2152398862.
Stack: onResponse@resource://devtools/shared/DevToolsUtils.js:556:16
onStopRequest@resource://gre/modules/NetUtil.jsm:126:18
Line: 556, column: 16
console.error: (new Error("Failed to fetch https://447eb7.tdum.alibaba.com/dss.js. Code 2152398862.", "resource://devtools/shared/DevToolsUtils.js", 556))
JavaScript error: resource://devtools/shared/DevToolsUtils.js, line 556: Error: Failed to fetch https://447eb7.tdum.alibaba.com/dss.js. Code 2152398862.
JavaScript error: , line 0: NS_ERROR_NOT_AVAILABLE
1678946533245	geckodriver	INFO	Listening on 127.0.0.1:53203
1678946536317	mozrunner::runner	INFO	Running command: "C:\\Program Files\\Mozilla Firefox\\firefox.exe" "--marionette" "--remote-debugging-port" "53204" "--remote-allow-hosts" "localhost" "-no-remote" "-profile" "C:\\Users\\YJAVEE~1\\AppData\\Local\\Temp\\rust_mozprofileiE9myB"
console.warn: services.settings: Ignoring preference override of remote settings server
console.warn: services.settings: Allow by setting MOZ_REMOTE_SETTINGS_DEVTOOLS=1 in the environment
1678946539549	Marionette	INFO	Marionette enabled
Dynamically enable window occlusion 0
1678946539556	Marionette	INFO	Listening on port 53236
Read port: 53236
WebDriver BiDi listening on ws://127.0.0.1:53204
1678946539777	RemoteAgent	WARN	TLS certificate errors will be ignored for this session
console.warn: SearchSettings: "get: No settings file exists, new profile?" (new NotFoundError("Could not open the file at C:\\Users\\YJAVEE~1\\AppData\\Local\\Temp\\rust_mozprofileiE9myB\\search.json.mozlz4", (void 0)))
DevTools listening on ws://127.0.0.1:53204/devtools/browser/172afa64-54c4-47ad-a867-f3fb33dba4d4
JavaScript warning: https://g.alicdn.com/secdev/sufei_data/3.9.10/index.js, line 1: WebGL context was lost.
JavaScript warning: https://g.alicdn.com/??xlly/spl/rp.js,secdev/nsv/1.0.87/ns_f_95_3_n.js?v=1, line 6: WebGL context was lost.
JavaScript warning: https://g.alicdn.com/AWSC/et/1.62.7/et_n.js, line 2: WEBGL_debug_renderer_info is deprecated in Firefox and will be removed. Please use RENDERER.
JavaScript warning: https://g.alicdn.com/AWSC/et/1.62.7/et_n.js, line 2: WebGL context was lost.
JavaScript warning: https://g.alicdn.com/AWSC/fireyejs/1.225.0/fireyejs.js, line 1: WEBGL_debug_renderer_info is deprecated in Firefox and will be removed. Please use RENDERER.
console.warn: LoginRecipes: "Falling back to a synchronous message for: https://sellercenter.lazada.sg."
JavaScript warning: https://laz-g-cdn.alicdn.com/secdev/sufei_data/3.9.10/index.js, line 1: WebGL context was lost.
JavaScript warning: https://laz-g-cdn.alicdn.com/??xlly/spl/rp.js,secdev/nsv/1.0.78/ns_e_88_3_n.js?v=1, line 5: WebGL context was lost.
JavaScript warning: https://laz-g-cdn.alicdn.com/AWSC/et/1.62.4/et_n.js, line 2: WEBGL_debug_renderer_info is deprecated in Firefox and will be removed. Please use RENDERER.
JavaScript warning: https://laz-g-cdn.alicdn.com/AWSC/et/1.62.4/et_n.js, line 2: WebGL context was lost.
JavaScript warning: https://g.alicdn.com/AWSC/fireyejs/1.225.0/fireyejs.js, line 1: WEBGL_debug_renderer_info is deprecated in Firefox and will be removed. Please use RENDERER.
console.warn: services.settings: Ignoring preference override of remote settings server
console.warn: services.settings: Allow by setting MOZ_REMOTE_SETTINGS_DEVTOOLS=1 in the environment
console.error: (new TypeError("lazy.AsyncShutdown.profileBeforeChange is undefined", "resource://services-settings/Database.jsm", 603))
1678946588711	Marionette	INFO	Stopped listening on port 53236
Dynamically enable window occlusion 1
WARNING: A blocker encountered an error while we were waiting.
          Blocker:  Waiting for ping task
          Phase: TelemetryController: Waiting for pending ping activity
          State: (none)
WARNING: Error: Phase "profile-before-change" is finished, it is too late to register completion condition "OS.File: flush I/O queued before profileBeforeChange"
WARNING: addBlocker@resource://gre/modules/AsyncShutdown.sys.mjs:727:15
addBlocker@resource://gre/modules/AsyncShutdown.sys.mjs:523:26
addBlocker@resource://gre/modules/AsyncShutdown.sys.mjs:458:15
setupShutdown@resource://gre/modules/osfile/osfile_async_front.jsm:1548:28
@resource://gre/modules/osfile/osfile_async_front.jsm:1568:16
@resource://gre/modules/osfile.jsm:12:30
@resource://gre/modules/TelemetryStorage.sys.mjs:10:28
_checkPendingPings@resource://gre/modules/TelemetrySend.sys.mjs:863:17
setup@resource://gre/modules/TelemetrySend.sys.mjs:803:18
setup@resource://gre/modules/TelemetrySend.sys.mjs:241:30
setupTelemetry/this._delayedInitTask<@resource://gre/modules/TelemetryControllerParent.sys.mjs:829:36
observe@resource://gre/modules/AsyncShutdown.sys.mjs:576:16

WARNING: A blocker encountered an error while we were waiting.
          Blocker:  Waiting for ping task
          Phase: TelemetryController: Waiting for pending ping activity
          State: (none)
WARNING: Error: Phase "profile-before-change" is finished, it is too late to register completion condition "OS.File: flush I/O queued before profileBeforeChange"
WARNING: addBlocker@resource://gre/modules/AsyncShutdown.sys.mjs:727:15
addBlocker@resource://gre/modules/AsyncShutdown.sys.mjs:523:26
addBlocker@resource://gre/modules/AsyncShutdown.sys.mjs:458:15
setupShutdown@resource://gre/modules/osfile/osfile_async_front.jsm:1548:28
@resource://gre/modules/osfile/osfile_async_front.jsm:1568:16
@resource://gre/modules/osfile.jsm:12:30
@resource://gre/modules/TelemetryStorage.sys.mjs:10:28
_checkPendingPings@resource://gre/modules/TelemetrySend.sys.mjs:863:17
setup@resource://gre/modules/TelemetrySend.sys.mjs:803:18
setup@resource://gre/modules/TelemetrySend.sys.mjs:241:30
setupTelemetry/this._delayedInitTask<@resource://gre/modules/TelemetryControllerParent.sys.mjs:829:36
observe@resource://gre/modules/AsyncShutdown.sys.mjs:576:16

WARNING: A blocker encountered an error while we were waiting.
          Blocker:  Waiting for ping task
          Phase: TelemetryController: Waiting for pending ping activity
          State: (none)
WARNING: Error: Phase "profile-before-change" is finished, it is too late to register completion condition "OS.File: flush I/O queued before profileBeforeChange"
WARNING: addBlocker@resource://gre/modules/AsyncShutdown.sys.mjs:727:15
addBlocker@resource://gre/modules/AsyncShutdown.sys.mjs:523:26
addBlocker@resource://gre/modules/AsyncShutdown.sys.mjs:458:15
setupShutdown@resource://gre/modules/osfile/osfile_async_front.jsm:1548:28
@resource://gre/modules/osfile/osfile_async_front.jsm:1568:16
@resource://gre/modules/osfile.jsm:12:30
@resource://gre/modules/TelemetryStorage.sys.mjs:10:28
_checkPendingPings@resource://gre/modules/TelemetrySend.sys.mjs:863:17
setup@resource://gre/modules/TelemetrySend.sys.mjs:803:18
setup@resource://gre/modules/TelemetrySend.sys.mjs:241:30
setupTelemetry/this._delayedInitTask<@resource://gre/modules/TelemetryControllerParent.sys.mjs:829:36
observe@resource://gre/modules/AsyncShutdown.sys.mjs:576:16

WARNING: A blocker encountered an error while we were waiting.
          Blocker:  TelemetryController: shutting down
          Phase: profile-before-change-telemetry
          State: Error getting state: Error: Phase "profile-before-change" is finished, it is too late to register completion condition "OS.File: flush I/O queued before profileBeforeChange" at addBlocker@resource://gre/modules/AsyncShutdown.sys.mjs:727:15
addBlocker@resource://gre/modules/AsyncShutdown.sys.mjs:523:26
addBlocker@resource://gre/modules/AsyncShutdown.sys.mjs:458:15
setupShutdown@resource://gre/modules/osfile/osfile_async_front.jsm:1548:28
@resource://gre/modules/osfile/osfile_async_front.jsm:1568:16
@resource://gre/modules/osfile.jsm:12:30
@resource://gre/modules/TelemetryStorage.sys.mjs:10:28
_checkPendingPings@resource://gre/modules/TelemetrySend.sys.mjs:863:17
setup@resource://gre/modules/TelemetrySend.sys.mjs:803:18
setup@resource://gre/modules/TelemetrySend.sys.mjs:241:30
setupTelemetry/this._delayedInitTask<@resource://gre/modules/TelemetryControllerParent.sys.mjs:829:36
observe@resource://gre/modules/AsyncShutdown.sys.mjs:576:16

WARNING: Error: Phase "profile-before-change" is finished, it is too late to register completion condition "OS.File: flush I/O queued before profileBeforeChange"
WARNING: addBlocker@resource://gre/modules/AsyncShutdown.sys.mjs:727:15
addBlocker@resource://gre/modules/AsyncShutdown.sys.mjs:523:26
addBlocker@resource://gre/modules/AsyncShutdown.sys.mjs:458:15
setupShutdown@resource://gre/modules/osfile/osfile_async_front.jsm:1548:28
@resource://gre/modules/osfile/osfile_async_front.jsm:1568:16
@resource://gre/modules/osfile.jsm:12:30
@resource://gre/modules/TelemetryStorage.sys.mjs:10:28
_checkPendingPings@resource://gre/modules/TelemetrySend.sys.mjs:863:17
setup@resource://gre/modules/TelemetrySend.sys.mjs:803:18
setup@resource://gre/modules/TelemetrySend.sys.mjs:241:30
setupTelemetry/this._delayedInitTask<@resource://gre/modules/TelemetryControllerParent.sys.mjs:829:36
observe@resource://gre/modules/AsyncShutdown.sys.mjs:576:16

JavaScript error: resource://gre/modules/AsyncShutdown.sys.mjs, line 727: Error: Phase "profile-before-change" is finished, it is too late to register completion condition "OS.File: flush I/O queued before profileBeforeChange"
JavaScript error: resource://gre/modules/AsyncShutdown.sys.mjs, line 727: Error: Phase "profile-before-change" is finished, it is too late to register completion condition "OS.File: flush I/O queued before profileBeforeChange"
JavaScript error: resource://gre/modules/AsyncShutdown.sys.mjs, line 727: Error: Phase "profile-before-change" is finished, it is too late to register completion condition "OS.File: flush I/O queued before profileBeforeChange"
JavaScript error: resource://gre/modules/AsyncShutdown.sys.mjs, line 727: Error: Phase "profile-before-change" is finished, it is too late to register completion condition "OS.File: flush I/O queued before profileBeforeChange"
JavaScript error: resource://gre/modules/AsyncShutdown.sys.mjs, line 727: Error: Phase "profile-before-change" is finished, it is too late to register completion condition "OS.File: flush I/O queued before profileBeforeChange"
JavaScript error: resource://gre/modules/AsyncShutdown.sys.mjs, line 727: Error: Phase "profile-before-change" is finished, it is too late to register completion condition "OS.File: flush I/O queued before profileBeforeChange"
1680242998246	geckodriver	INFO	Listening on 127.0.0.1:57147
1680243001305	mozrunner::runner	INFO	Running command: "C:\\Program Files\\Mozilla Firefox\\firefox.exe" "--marionette" "--remote-debugging-port" "57148" "--remote-allow-hosts" "localhost" "-no-remote" "-profile" "C:\\Users\\YJAVEE~1\\AppData\\Local\\Temp\\rust_mozprofileRl4eBi"
console.warn: services.settings: Ignoring preference override of remote settings server
console.warn: services.settings: Allow by setting MOZ_REMOTE_SETTINGS_DEVTOOLS=1 in the environment
1680243005812	Marionette	INFO	Marionette enabled
Dynamically enable window occlusion 0
1680243005822	Marionette	INFO	Listening on port 57188
Read port: 57188
WebDriver BiDi listening on ws://127.0.0.1:57148
1680243006068	RemoteAgent	WARN	TLS certificate errors will be ignored for this session
console.warn: SearchSettings: "get: No settings file exists, new profile?" (new NotFoundError("Could not open the file at C:\\Users\\YJAVEE~1\\AppData\\Local\\Temp\\rust_mozprofileRl4eBi\\search.json.mozlz4", (void 0)))
DevTools listening on ws://127.0.0.1:57148/devtools/browser/214e3388-4539-46d3-979a-e9749056e2fd
JavaScript warning: https://g.alicdn.com/secdev/sufei_data/3.9.10/index.js, line 1: WebGL context was lost.
JavaScript warning: https://g.alicdn.com/??xlly/spl/rp.js,secdev/nsv/1.0.87/ns_f_95_3_n.js?v=1, line 6: WebGL context was lost.
JavaScript warning: https://g.alicdn.com/AWSC/et/1.62.7/et_n.js, line 2: WEBGL_debug_renderer_info is deprecated in Firefox and will be removed. Please use RENDERER.
JavaScript warning: https://g.alicdn.com/AWSC/et/1.62.7/et_n.js, line 2: WebGL context was lost.
JavaScript warning: https://g.alicdn.com/AWSC/fireyejs/1.225.0/fireyejs.js, line 1: WEBGL_debug_renderer_info is deprecated in Firefox and will be removed. Please use RENDERER.
console.warn: LoginRecipes: "Falling back to a synchronous message for: https://sellercenter.lazada.sg."
JavaScript warning: https://laz-g-cdn.alicdn.com/secdev/sufei_data/3.9.10/index.js, line 1: WebGL context was lost.
JavaScript warning: https://laz-g-cdn.alicdn.com/??xlly/spl/rp.js,secdev/nsv/1.0.78/ns_e_88_3_n.js?v=1, line 5: WebGL context was lost.
JavaScript warning: https://laz-g-cdn.alicdn.com/AWSC/et/1.62.4/et_n.js, line 2: WEBGL_debug_renderer_info is deprecated in Firefox and will be removed. Please use RENDERER.
JavaScript warning: https://laz-g-cdn.alicdn.com/AWSC/et/1.62.4/et_n.js, line 2: WebGL context was lost.
JavaScript warning: https://g.alicdn.com/AWSC/fireyejs/1.225.0/fireyejs.js, line 1: WEBGL_debug_renderer_info is deprecated in Firefox and will be removed. Please use RENDERER.
console.warn: services.settings: Ignoring preference override of remote settings server
console.warn: services.settings: Allow by setting MOZ_REMOTE_SETTINGS_DEVTOOLS=1 in the environment
console.error: (new TypeError("lazy.AsyncShutdown.profileBeforeChange is undefined", "resource://services-settings/Database.jsm", 603))
1680243083301	geckodriver	INFO	Listening on 127.0.0.1:56051
1680243086366	mozrunner::runner	INFO	Running command: "C:\\Program Files\\Mozilla Firefox\\firefox.exe" "--marionette" "--remote-debugging-port" "56052" "--remote-allow-hosts" "localhost" "-no-remote" "-profile" "C:\\Users\\YJAVEE~1\\AppData\\Local\\Temp\\rust_mozprofileQMLBSU"
console.warn: services.settings: Ignoring preference override of remote settings server
console.warn: services.settings: Allow by setting MOZ_REMOTE_SETTINGS_DEVTOOLS=1 in the environment
1680243086722	Marionette	INFO	Marionette enabled
Dynamically enable window occlusion 0
1680243086728	Marionette	INFO	Listening on port 56072
Read port: 56072
WebDriver BiDi listening on ws://127.0.0.1:56052
1680243086903	RemoteAgent	WARN	TLS certificate errors will be ignored for this session
console.warn: SearchSettings: "get: No settings file exists, new profile?" (new NotFoundError("Could not open the file at C:\\Users\\YJAVEE~1\\AppData\\Local\\Temp\\rust_mozprofileQMLBSU\\search.json.mozlz4", (void 0)))
DevTools listening on ws://127.0.0.1:56052/devtools/browser/f93a55b9-a405-4f83-8be9-01026450a000
JavaScript warning: https://g.alicdn.com/secdev/sufei_data/3.9.10/index.js, line 1: WebGL context was lost.
JavaScript warning: https://g.alicdn.com/??xlly/spl/rp.js,secdev/nsv/1.0.87/ns_f_95_3_n.js?v=1, line 6: WebGL context was lost.
JavaScript warning: https://g.alicdn.com/AWSC/et/1.62.7/et_n.js, line 2: WEBGL_debug_renderer_info is deprecated in Firefox and will be removed. Please use RENDERER.
JavaScript warning: https://g.alicdn.com/AWSC/et/1.62.7/et_n.js, line 2: WebGL context was lost.
JavaScript warning: https://g.alicdn.com/AWSC/fireyejs/1.225.0/fireyejs.js, line 1: WEBGL_debug_renderer_info is deprecated in Firefox and will be removed. Please use RENDERER.
console.warn: LoginRecipes: "Falling back to a synchronous message for: https://sellercenter.lazada.sg."
JavaScript warning: https://laz-g-cdn.alicdn.com/secdev/sufei_data/3.9.10/index.js, line 1: WebGL context was lost.
JavaScript warning: https://laz-g-cdn.alicdn.com/??xlly/spl/rp.js,secdev/nsv/1.0.78/ns_e_88_3_n.js?v=1, line 5: WebGL context was lost.
JavaScript warning: https://laz-g-cdn.alicdn.com/AWSC/et/1.62.4/et_n.js, line 2: WEBGL_debug_renderer_info is deprecated in Firefox and will be removed. Please use RENDERER.
JavaScript warning: https://laz-g-cdn.alicdn.com/AWSC/et/1.62.4/et_n.js, line 2: WebGL context was lost.
JavaScript warning: https://g.alicdn.com/AWSC/fireyejs/1.225.0/fireyejs.js, line 1: WEBGL_debug_renderer_info is deprecated in Firefox and will be removed. Please use RENDERER.
console.warn: services.settings: Ignoring preference override of remote settings server
console.warn: services.settings: Allow by setting MOZ_REMOTE_SETTINGS_DEVTOOLS=1 in the environment
console.error: (new TypeError("lazy.AsyncShutdown.profileBeforeChange is undefined", "resource://services-settings/Database.jsm", 603))
JavaScript warning: https://g.alicdn.com/secdev/sufei_data/3.9.10/index.js, line 1: WebGL context was lost.
JavaScript warning: https://g.alicdn.com/??xlly/spl/rp.js,secdev/nsv/1.0.87/ns_f_95_3_n.js?v=1, line 6: WebGL context was lost.
JavaScript warning: https://g.alicdn.com/AWSC/et/1.62.7/et_n.js, line 2: WEBGL_debug_renderer_info is deprecated in Firefox and will be removed. Please use RENDERER.
JavaScript warning: https://g.alicdn.com/AWSC/et/1.62.7/et_n.js, line 2: WebGL context was lost.
JavaScript warning: https://g.alicdn.com/AWSC/fireyejs/1.225.0/fireyejs.js, line 1: WEBGL_debug_renderer_info is deprecated in Firefox and will be removed. Please use RENDERER.
